[debug] [2023-12-13T22:54:38.262Z] ----------------------------------------------------------------------
[debug] [2023-12-13T22:54:38.263Z] Command:       C:\Program Files\nodejs\node.exe C:\Users\Usuario\AppData\Roaming\npm\node_modules\firebase-tools\lib\bin\firebase.js deploy
[debug] [2023-12-13T22:54:38.264Z] CLI Version:   11.4.0
[debug] [2023-12-13T22:54:38.264Z] Platform:      win32
[debug] [2023-12-13T22:54:38.264Z] Node Version:  v17.4.0
[debug] [2023-12-13T22:54:38.265Z] Time:          Wed Dec 13 2023 19:54:38 GMT-0300 (hora estándar de Argentina)
[debug] [2023-12-13T22:54:38.265Z] ----------------------------------------------------------------------
[debug] 
[debug] [2023-12-13T22:54:38.268Z] >>> [apiv2][query] GET https://firebase-public.firebaseio.com/cli.json [none]
[debug] [2023-12-13T22:54:38.428Z] > command requires scopes: ["email","openid","https://www.googleapis.com/auth/cloudplatformprojects.readonly","https://www.googleapis.com/auth/firebase","https://www.googleapis.com/auth/cloud-platform"]
[debug] [2023-12-13T22:54:38.428Z] > authorizing via signed-in user (jfh1163@gmail.com)
[debug] [2023-12-13T22:54:38.429Z] [iam] checking project portfoliojfh for permissions ["firebase.projects.get","firebasehosting.sites.update"]
[debug] [2023-12-13T22:54:38.430Z] > refreshing access token with scopes: []
[debug] [2023-12-13T22:54:38.431Z] >>> [apiv2][query] POST https://www.googleapis.com/oauth2/v3/token [none]
[debug] [2023-12-13T22:54:38.431Z] >>> [apiv2][body] POST https://www.googleapis.com/oauth2/v3/token [omitted]
[debug] [2023-12-13T22:54:38.623Z] <<< [apiv2][status] POST https://www.googleapis.com/oauth2/v3/token 400
[debug] [2023-12-13T22:54:38.624Z] <<< [apiv2][body] POST https://www.googleapis.com/oauth2/v3/token [omitted]
[debug] [2023-12-13T22:54:38.624Z] >>> [apiv2][query] POST https://cloudresourcemanager.googleapis.com/v1/projects/portfoliojfh:testIamPermissions [none]
[debug] [2023-12-13T22:54:38.624Z] >>> [apiv2][(partial)header] POST https://cloudresourcemanager.googleapis.com/v1/projects/portfoliojfh:testIamPermissions x-goog-quota-user=projects/portfoliojfh
[debug] [2023-12-13T22:54:38.624Z] >>> [apiv2][body] POST https://cloudresourcemanager.googleapis.com/v1/projects/portfoliojfh:testIamPermissions {"permissions":["firebase.projects.get","firebasehosting.sites.update"]}
[debug] [2023-12-13T22:54:39.106Z] <<< [apiv2][status] GET https://firebase-public.firebaseio.com/cli.json 200
[debug] [2023-12-13T22:54:39.106Z] <<< [apiv2][body] GET https://firebase-public.firebaseio.com/cli.json {"cloudBuildErrorAfter":1594252800000,"cloudBuildWarnAfter":1590019200000,"defaultNode10After":1594252800000,"minVersion":"3.0.5","node8DeploysDisabledAfter":1613390400000,"node8RuntimeDisabledAfter":1615809600000,"node8WarnAfter":1600128000000}
[debug] [2023-12-13T22:54:39.665Z] <<< [apiv2][status] POST https://cloudresourcemanager.googleapis.com/v1/projects/portfoliojfh:testIamPermissions 401
[debug] [2023-12-13T22:54:39.665Z] <<< [apiv2][body] POST https://cloudresourcemanager.googleapis.com/v1/projects/portfoliojfh:testIamPermissions {"error":{"code":401,"message":"Request had invalid authentication credentials. Expected OAuth 2 access token, login cookie or other valid authentication credential. See https://developers.google.com/identity/sign-in/web/devconsole-project.","status":"UNAUTHENTICATED","details":[{"@type":"type.googleapis.com/google.rpc.ErrorInfo","reason":"ACCESS_TOKEN_TYPE_UNSUPPORTED","metadata":{"method":"google.cloudresourcemanager.v1.Projects.TestIamPermissions","service":"cloudresourcemanager.googleapis.com"}}]}}
[debug] [2023-12-13T22:54:39.666Z] [iam] error while checking permissions, command may fail: FirebaseError: HTTP Error: 401, Request had invalid authentication credentials. Expected OAuth 2 access token, login cookie or other valid authentication credential. See https://developers.google.com/identity/sign-in/web/devconsole-project.
[debug] [2023-12-13T22:54:39.667Z] > refreshing access token with scopes: []
[debug] [2023-12-13T22:54:39.667Z] >>> [apiv2][query] POST https://www.googleapis.com/oauth2/v3/token [none]
[debug] [2023-12-13T22:54:39.667Z] >>> [apiv2][body] POST https://www.googleapis.com/oauth2/v3/token [omitted]
[debug] [2023-12-13T22:54:39.818Z] <<< [apiv2][status] POST https://www.googleapis.com/oauth2/v3/token 400
[debug] [2023-12-13T22:54:39.818Z] <<< [apiv2][body] POST https://www.googleapis.com/oauth2/v3/token [omitted]
[debug] [2023-12-13T22:54:39.818Z] >>> [apiv2][query] GET https://firebase.googleapis.com/v1beta1/projects/portfoliojfh [none]
[debug] [2023-12-13T22:54:39.997Z] <<< [apiv2][status] GET https://firebase.googleapis.com/v1beta1/projects/portfoliojfh 401
[debug] [2023-12-13T22:54:39.997Z] <<< [apiv2][body] GET https://firebase.googleapis.com/v1beta1/projects/portfoliojfh {"error":{"code":401,"message":"Request had invalid authentication credentials. Expected OAuth 2 access token, login cookie or other valid authentication credential. See https://developers.google.com/identity/sign-in/web/devconsole-project.","status":"UNAUTHENTICATED"}}
[debug] [2023-12-13T22:54:39.997Z] HTTP Error: 401, Request had invalid authentication credentials. Expected OAuth 2 access token, login cookie or other valid authentication credential. See https://developers.google.com/identity/sign-in/web/devconsole-project.
[debug] [2023-12-13T22:54:40.171Z] FirebaseError: HTTP Error: 401, Request had invalid authentication credentials. Expected OAuth 2 access token, login cookie or other valid authentication credential. See https://developers.google.com/identity/sign-in/web/devconsole-project.
    at responseToError (C:\Users\Usuario\AppData\Roaming\npm\node_modules\firebase-tools\lib\responseToError.js:49:12)
    at RetryOperation._fn (C:\Users\Usuario\AppData\Roaming\npm\node_modules\firebase-tools\lib\apiv2.js:288:77)
    at processTicksAndRejections (node:internal/process/task_queues:96:5)
[error] 
[error] Error: Failed to get Firebase project portfoliojfh. Please make sure the project exists and your account has permission to access it.
